{"C:\\Users\\ADEM\\Projet react\\src\\components\\Navbar.jsx": {"path":"C:\\Users\\ADEM\\Projet react\\src\\components\\Navbar.jsx","statementMap":{"0":{"start":{"line":6,"column":13},"end":{"line":77,"column":null}},"1":{"start":{"line":7,"column":34},"end":{"line":7,"column":null}},"2":{"start":{"line":8,"column":10},"end":{"line":8,"column":null}},"3":{"start":{"line":9,"column":8},"end":{"line":9,"column":null}},"4":{"start":{"line":11,"column":23},"end":{"line":14,"column":null}},"5":{"start":{"line":12,"column":4},"end":{"line":12,"column":null}},"6":{"start":{"line":13,"column":4},"end":{"line":13,"column":null}},"7":{"start":{"line":16,"column":2},"end":{"line":75,"column":null}},"8":{"start":{"line":29,"column":45},"end":{"line":29,"column":null}},"9":{"start":{"line":37,"column":45},"end":{"line":37,"column":null}},"10":{"start":{"line":48,"column":47},"end":{"line":48,"column":null}}},"fnMap":{"0":{"name":"(anonymous_0)","decl":{"start":{"line":6,"column":13},"end":{"line":6,"column":28}},"loc":{"start":{"line":6,"column":28},"end":{"line":77,"column":null}},"line":6},"1":{"name":"(anonymous_1)","decl":{"start":{"line":11,"column":23},"end":{"line":11,"column":35}},"loc":{"start":{"line":11,"column":35},"end":{"line":14,"column":null}},"line":11},"2":{"name":"(anonymous_2)","decl":{"start":{"line":29,"column":16},"end":{"line":29,"column":28}},"loc":{"start":{"line":29,"column":45},"end":{"line":29,"column":null}},"line":29},"3":{"name":"(anonymous_3)","decl":{"start":{"line":37,"column":16},"end":{"line":37,"column":28}},"loc":{"start":{"line":37,"column":45},"end":{"line":37,"column":null}},"line":37},"4":{"name":"(anonymous_4)","decl":{"start":{"line":48,"column":18},"end":{"line":48,"column":30}},"loc":{"start":{"line":48,"column":47},"end":{"line":48,"column":null}},"line":48}},"branchMap":{"0":{"loc":{"start":{"line":29,"column":57},"end":{"line":29,"column":null}},"type":"cond-expr","locations":[{"start":{"line":29,"column":68},"end":{"line":29,"column":79}},{"start":{"line":29,"column":79},"end":{"line":29,"column":null}}],"line":29},"1":{"loc":{"start":{"line":37,"column":57},"end":{"line":37,"column":null}},"type":"cond-expr","locations":[{"start":{"line":37,"column":68},"end":{"line":37,"column":79}},{"start":{"line":37,"column":79},"end":{"line":37,"column":null}}],"line":37},"2":{"loc":{"start":{"line":41,"column":17},"end":{"line":42,"column":null}},"type":"binary-expr","locations":[{"start":{"line":41,"column":17},"end":{"line":41,"column":34}},{"start":{"line":41,"column":34},"end":{"line":42,"column":null}}],"line":41},"3":{"loc":{"start":{"line":44,"column":13},"end":{"line":53,"column":null}},"type":"binary-expr","locations":[{"start":{"line":44,"column":13},"end":{"line":44,"column":null}},{"start":{"line":45,"column":14},"end":{"line":53,"column":null}}],"line":44},"4":{"loc":{"start":{"line":48,"column":59},"end":{"line":48,"column":null}},"type":"cond-expr","locations":[{"start":{"line":48,"column":70},"end":{"line":48,"column":81}},{"start":{"line":48,"column":81},"end":{"line":48,"column":null}}],"line":48},"5":{"loc":{"start":{"line":59,"column":11},"end":{"line":71,"column":null}},"type":"cond-expr","locations":[{"start":{"line":60,"column":12},"end":{"line":69,"column":13}},{"start":{"line":69,"column":12},"end":{"line":71,"column":null}}],"line":59},"6":{"loc":{"start":{"line":62,"column":67},"end":{"line":62,"column":108}},"type":"binary-expr","locations":[{"start":{"line":62,"column":67},"end":{"line":62,"column":89}},{"start":{"line":62,"column":89},"end":{"line":62,"column":108}}],"line":62}},"s":{"0":1,"1":4,"2":4,"3":4,"4":4,"5":0,"6":0,"7":4,"8":4,"9":4,"10":1},"f":{"0":4,"1":0,"2":4,"3":4,"4":1},"b":{"0":[4,0],"1":[0,4],"2":[4,1],"3":[4,1],"4":[0,1],"5":[2,2],"6":[2,0]},"meta":{"lastBranch":7,"lastFunction":5,"lastStatement":11,"seen":{"s:6:13:77:Infinity":0,"f:6:13:6:28":0,"s:7:34:7:Infinity":1,"s:8:10:8:Infinity":2,"s:9:8:9:Infinity":3,"s:11:23:14:Infinity":4,"f:11:23:11:35":1,"s:12:4:12:Infinity":5,"s:13:4:13:Infinity":6,"s:16:2:75:Infinity":7,"f:29:16:29:28":2,"s:29:45:29:Infinity":8,"b:29:68:29:79:29:79:29:Infinity":0,"f:37:16:37:28":3,"s:37:45:37:Infinity":9,"b:37:68:37:79:37:79:37:Infinity":1,"b:41:17:41:34:41:34:42:Infinity":2,"b:44:13:44:Infinity:45:14:53:Infinity":3,"f:48:18:48:30":4,"s:48:47:48:Infinity":10,"b:48:70:48:81:48:81:48:Infinity":4,"b:60:12:69:13:69:12:71:Infinity":5,"b:62:67:62:89:62:89:62:108":6}}}
,"C:\\Users\\ADEM\\Projet react\\src\\contexts\\CartContext.jsx": {"path":"C:\\Users\\ADEM\\Projet react\\src\\contexts\\CartContext.jsx","statementMap":{"0":{"start":{"line":3,"column":6},"end":{"line":3,"column":null}},"1":{"start":{"line":5,"column":13},"end":{"line":5,"column":null}},"2":{"start":{"line":8,"column":21},"end":{"line":10,"column":null}},"3":{"start":{"line":13,"column":6},"end":{"line":82,"column":null}},"4":{"start":{"line":14,"column":2},"end":{"line":81,"column":null}},"5":{"start":{"line":16,"column":40},"end":{"line":16,"column":null}},"6":{"start":{"line":17,"column":32},"end":{"line":17,"column":null}},"7":{"start":{"line":17,"column":62},"end":{"line":17,"column":84}},"8":{"start":{"line":20,"column":6},"end":{"line":41,"column":null}},"9":{"start":{"line":21,"column":8},"end":{"line":31,"column":null}},"10":{"start":{"line":22,"column":10},"end":{"line":29,"column":null}},"11":{"start":{"line":23,"column":33},"end":{"line":23,"column":null}},"12":{"start":{"line":25,"column":34},"end":{"line":27,"column":null}},"13":{"start":{"line":28,"column":12},"end":{"line":28,"column":null}},"14":{"start":{"line":30,"column":10},"end":{"line":30,"column":null}},"15":{"start":{"line":33,"column":8},"end":{"line":40,"column":null}},"16":{"start":{"line":42,"column":6},"end":{"line":42,"column":null}},"17":{"start":{"line":46,"column":21},"end":{"line":46,"column":null}},"18":{"start":{"line":47,"column":6},"end":{"line":50,"column":null}},"19":{"start":{"line":49,"column":42},"end":{"line":49,"column":56}},"20":{"start":{"line":54,"column":31},"end":{"line":54,"column":null}},"21":{"start":{"line":55,"column":6},"end":{"line":60,"column":null}},"22":{"start":{"line":56,"column":8},"end":{"line":59,"column":null}},"23":{"start":{"line":58,"column":44},"end":{"line":58,"column":58}},"24":{"start":{"line":61,"column":6},"end":{"line":72,"column":null}},"25":{"start":{"line":64,"column":10},"end":{"line":69,"column":null}},"26":{"start":{"line":65,"column":34},"end":{"line":67,"column":null}},"27":{"start":{"line":68,"column":12},"end":{"line":68,"column":null}},"28":{"start":{"line":70,"column":10},"end":{"line":70,"column":null}},"29":{"start":{"line":76,"column":6},"end":{"line":76,"column":null}},"30":{"start":{"line":80,"column":6},"end":{"line":80,"column":null}},"31":{"start":{"line":84,"column":13},"end":{"line":124,"column":null}},"32":{"start":{"line":85,"column":16},"end":{"line":85,"column":null}},"33":{"start":{"line":88,"column":2},"end":{"line":90,"column":null}},"34":{"start":{"line":89,"column":4},"end":{"line":89,"column":null}},"35":{"start":{"line":93,"column":8},"end":{"line":95,"column":null}},"36":{"start":{"line":94,"column":4},"end":{"line":94,"column":null}},"37":{"start":{"line":97,"column":8},"end":{"line":99,"column":null}},"38":{"start":{"line":98,"column":4},"end":{"line":98,"column":null}},"39":{"start":{"line":101,"column":8},"end":{"line":103,"column":null}},"40":{"start":{"line":102,"column":4},"end":{"line":102,"column":null}},"41":{"start":{"line":105,"column":8},"end":{"line":107,"column":null}},"42":{"start":{"line":106,"column":4},"end":{"line":106,"column":null}},"43":{"start":{"line":110,"column":20},"end":{"line":110,"column":null}},"44":{"start":{"line":110,"column":54},"end":{"line":110,"column":75}},"45":{"start":{"line":111,"column":20},"end":{"line":111,"column":null}},"46":{"start":{"line":111,"column":54},"end":{"line":111,"column":90}},"47":{"start":{"line":113,"column":16},"end":{"line":121,"column":null}},"48":{"start":{"line":123,"column":2},"end":{"line":123,"column":null}}},"fnMap":{"0":{"name":"(anonymous_0)","decl":{"start":{"line":5,"column":13},"end":{"line":5,"column":29}},"loc":{"start":{"line":5,"column":13},"end":{"line":5,"column":null}},"line":5},"1":{"name":"(anonymous_1)","decl":{"start":{"line":13,"column":6},"end":{"line":13,"column":21}},"loc":{"start":{"line":13,"column":39},"end":{"line":82,"column":null}},"line":13},"2":{"name":"(anonymous_2)","decl":{"start":{"line":17,"column":44},"end":{"line":17,"column":54}},"loc":{"start":{"line":17,"column":62},"end":{"line":17,"column":84}},"line":17},"3":{"name":"(anonymous_3)","decl":{"start":{"line":21,"column":31},"end":{"line":21,"column":36}},"loc":{"start":{"line":21,"column":50},"end":{"line":31,"column":9}},"line":21},"4":{"name":"(anonymous_4)","decl":{"start":{"line":49,"column":27},"end":{"line":49,"column":34}},"loc":{"start":{"line":49,"column":42},"end":{"line":49,"column":56}},"line":49},"5":{"name":"(anonymous_5)","decl":{"start":{"line":58,"column":29},"end":{"line":58,"column":36}},"loc":{"start":{"line":58,"column":44},"end":{"line":58,"column":58}},"line":58},"6":{"name":"(anonymous_6)","decl":{"start":{"line":63,"column":27},"end":{"line":63,"column":31}},"loc":{"start":{"line":63,"column":39},"end":{"line":71,"column":9}},"line":63},"7":{"name":"(anonymous_7)","decl":{"start":{"line":84,"column":13},"end":{"line":84,"column":29}},"loc":{"start":{"line":84,"column":46},"end":{"line":124,"column":null}},"line":84},"8":{"name":"(anonymous_8)","decl":{"start":{"line":88,"column":2},"end":{"line":88,"column":18}},"loc":{"start":{"line":88,"column":18},"end":{"line":90,"column":5}},"line":88},"9":{"name":"(anonymous_9)","decl":{"start":{"line":93,"column":8},"end":{"line":93,"column":19}},"loc":{"start":{"line":93,"column":45},"end":{"line":95,"column":null}},"line":93},"10":{"name":"(anonymous_10)","decl":{"start":{"line":97,"column":8},"end":{"line":97,"column":22}},"loc":{"start":{"line":97,"column":29},"end":{"line":99,"column":null}},"line":97},"11":{"name":"(anonymous_11)","decl":{"start":{"line":101,"column":8},"end":{"line":101,"column":26}},"loc":{"start":{"line":101,"column":43},"end":{"line":103,"column":null}},"line":101},"12":{"name":"(anonymous_12)","decl":{"start":{"line":105,"column":8},"end":{"line":105,"column":26}},"loc":{"start":{"line":105,"column":26},"end":{"line":107,"column":null}},"line":105},"13":{"name":"(anonymous_13)","decl":{"start":{"line":110,"column":32},"end":{"line":110,"column":40}},"loc":{"start":{"line":110,"column":54},"end":{"line":110,"column":75}},"line":110},"14":{"name":"(anonymous_14)","decl":{"start":{"line":111,"column":32},"end":{"line":111,"column":40}},"loc":{"start":{"line":111,"column":54},"end":{"line":111,"column":90}},"line":111}},"branchMap":{"0":{"loc":{"start":{"line":9,"column":9},"end":{"line":9,"column":null}},"type":"binary-expr","locations":[{"start":{"line":9,"column":9},"end":{"line":9,"column":69}},{"start":{"line":9,"column":69},"end":{"line":9,"column":null}}],"line":9},"1":{"loc":{"start":{"line":14,"column":2},"end":{"line":81,"column":null}},"type":"switch","locations":[{"start":{"line":15,"column":4},"end":{"line":43,"column":null}},{"start":{"line":45,"column":4},"end":{"line":51,"column":null}},{"start":{"line":53,"column":4},"end":{"line":73,"column":null}},{"start":{"line":75,"column":4},"end":{"line":77,"column":null}},{"start":{"line":79,"column":4},"end":{"line":80,"column":null}}],"line":14},"2":{"loc":{"start":{"line":16,"column":23},"end":{"line":16,"column":40}},"type":"default-arg","locations":[{"start":{"line":16,"column":34},"end":{"line":16,"column":40}}],"line":16},"3":{"loc":{"start":{"line":20,"column":6},"end":{"line":41,"column":null}},"type":"if","locations":[{"start":{"line":20,"column":6},"end":{"line":41,"column":null}},{"start":{"line":32,"column":13},"end":{"line":41,"column":null}}],"line":20},"4":{"loc":{"start":{"line":22,"column":10},"end":{"line":29,"column":null}},"type":"if","locations":[{"start":{"line":22,"column":10},"end":{"line":29,"column":null}},{"start":{},"end":{}}],"line":22},"5":{"loc":{"start":{"line":25,"column":34},"end":{"line":27,"column":null}},"type":"cond-expr","locations":[{"start":{"line":26,"column":16},"end":{"line":26,"column":null}},{"start":{"line":27,"column":16},"end":{"line":27,"column":null}}],"line":25},"6":{"loc":{"start":{"line":38,"column":17},"end":{"line":38,"column":null}},"type":"binary-expr","locations":[{"start":{"line":38,"column":17},"end":{"line":38,"column":34}},{"start":{"line":38,"column":34},"end":{"line":38,"column":null}}],"line":38},"7":{"loc":{"start":{"line":39,"column":39},"end":{"line":39,"column":58}},"type":"binary-expr","locations":[{"start":{"line":39,"column":39},"end":{"line":39,"column":56}},{"start":{"line":39,"column":56},"end":{"line":39,"column":58}}],"line":39},"8":{"loc":{"start":{"line":55,"column":6},"end":{"line":60,"column":null}},"type":"if","locations":[{"start":{"line":55,"column":6},"end":{"line":60,"column":null}},{"start":{},"end":{}}],"line":55},"9":{"loc":{"start":{"line":64,"column":10},"end":{"line":69,"column":null}},"type":"if","locations":[{"start":{"line":64,"column":10},"end":{"line":69,"column":null}},{"start":{},"end":{}}],"line":64},"10":{"loc":{"start":{"line":65,"column":34},"end":{"line":67,"column":null}},"type":"cond-expr","locations":[{"start":{"line":66,"column":16},"end":{"line":66,"column":null}},{"start":{"line":67,"column":16},"end":{"line":67,"column":null}}],"line":65},"11":{"loc":{"start":{"line":93,"column":28},"end":{"line":93,"column":45}},"type":"default-arg","locations":[{"start":{"line":93,"column":39},"end":{"line":93,"column":45}}],"line":93}},"s":{"0":1,"1":14,"2":1,"3":1,"4":8,"5":5,"6":5,"7":0,"8":5,"9":0,"10":0,"11":0,"12":0,"13":0,"14":0,"15":5,"16":5,"17":1,"18":1,"19":1,"20":1,"21":1,"22":0,"23":0,"24":1,"25":1,"26":1,"27":1,"28":0,"29":1,"30":0,"31":1,"32":14,"33":14,"34":14,"35":14,"36":5,"37":14,"38":1,"39":14,"40":1,"41":14,"42":1,"43":14,"44":6,"45":14,"46":6,"47":14,"48":14},"f":{"0":14,"1":8,"2":0,"3":0,"4":1,"5":0,"6":1,"7":14,"8":14,"9":5,"10":1,"11":1,"12":1,"13":6,"14":6},"b":{"0":[1,1],"1":[5,1,1,1,0],"2":[5],"3":[0,5],"4":[0,0],"5":[0,0],"6":[5,0],"7":[5,0],"8":[0,1],"9":[1,0],"10":[1,0],"11":[5]},"meta":{"lastBranch":12,"lastFunction":15,"lastStatement":49,"seen":{"s:3:6:3:Infinity":0,"s:5:13:5:Infinity":1,"f:5:13:5:29":0,"s:8:21:10:Infinity":2,"b:9:9:9:69:9:69:9:Infinity":0,"s:13:6:82:Infinity":3,"f:13:6:13:21":1,"b:15:4:43:Infinity:45:4:51:Infinity:53:4:73:Infinity:75:4:77:Infinity:79:4:80:Infinity":1,"s:14:2:81:Infinity":4,"s:16:40:16:Infinity":5,"b:16:34:16:40":2,"s:17:32:17:Infinity":6,"f:17:44:17:54":2,"s:17:62:17:84":7,"b:20:6:41:Infinity:32:13:41:Infinity":3,"s:20:6:41:Infinity":8,"s:21:8:31:Infinity":9,"f:21:31:21:36":3,"b:22:10:29:Infinity:undefined:undefined:undefined:undefined":4,"s:22:10:29:Infinity":10,"s:23:33:23:Infinity":11,"s:25:34:27:Infinity":12,"b:26:16:26:Infinity:27:16:27:Infinity":5,"s:28:12:28:Infinity":13,"s:30:10:30:Infinity":14,"s:33:8:40:Infinity":15,"b:38:17:38:34:38:34:38:Infinity":6,"b:39:39:39:56:39:56:39:58":7,"s:42:6:42:Infinity":16,"s:46:21:46:Infinity":17,"s:47:6:50:Infinity":18,"f:49:27:49:34":4,"s:49:42:49:56":19,"s:54:31:54:Infinity":20,"b:55:6:60:Infinity:undefined:undefined:undefined:undefined":8,"s:55:6:60:Infinity":21,"s:56:8:59:Infinity":22,"f:58:29:58:36":5,"s:58:44:58:58":23,"s:61:6:72:Infinity":24,"f:63:27:63:31":6,"b:64:10:69:Infinity:undefined:undefined:undefined:undefined":9,"s:64:10:69:Infinity":25,"s:65:34:67:Infinity":26,"b:66:16:66:Infinity:67:16:67:Infinity":10,"s:68:12:68:Infinity":27,"s:70:10:70:Infinity":28,"s:76:6:76:Infinity":29,"s:80:6:80:Infinity":30,"s:84:13:124:Infinity":31,"f:84:13:84:29":7,"s:85:16:85:Infinity":32,"s:88:2:90:Infinity":33,"f:88:2:88:18":8,"s:89:4:89:Infinity":34,"s:93:8:95:Infinity":35,"f:93:8:93:19":9,"b:93:39:93:45":11,"s:94:4:94:Infinity":36,"s:97:8:99:Infinity":37,"f:97:8:97:22":10,"s:98:4:98:Infinity":38,"s:101:8:103:Infinity":39,"f:101:8:101:26":11,"s:102:4:102:Infinity":40,"s:105:8:107:Infinity":41,"f:105:8:105:26":12,"s:106:4:106:Infinity":42,"s:110:20:110:Infinity":43,"f:110:32:110:40":13,"s:110:54:110:75":44,"s:111:20:111:Infinity":45,"f:111:32:111:40":14,"s:111:54:111:90":46,"s:113:16:121:Infinity":47,"s:123:2:123:Infinity":48}}}
}
